Removed Pin From Net: NetName=GND Pin=C1-2
Removed Pin From Net: NetName=+15VDC Pin=C2-1
Removed Pin From Net: NetName=GND Pin=C2-2
Removed Pin From Net: NetName=GND Pin=C3-1
Removed Pin From Net: NetName=+15VDC Pin=C3-2
Removed Pin From Net: NetName=GND Pin=C4-1
Removed Pin From Net: NetName=GND Pin=C5-1
Removed Pin From Net: NetName=+15VDC Pin=D1-1
Removed Pin From Net: NetName=GND Pin=D2-2
Removed Pin From Net: NetName=GND Pin=D3-1
Removed Pin From Net: NetName=NetD3_1 Pin=D4-1
Removed Pin From Net: NetName=GND Pin=DB1-3
Removed Pin From Net: NetName=GND Pin=IC1-2
Removed Pin From Net: NetName=+15VDC Pin=IC1-3
Removed Pin From Net: NetName=NetLED1_1 Pin=LED1-1
Removed Pin From Net: NetName=GND Pin=LED1-2
Removed Pin From Net: NetName=NetLED1_1 Pin=R1-1
Removed Pin From Net: NetName=+15VDC Pin=R1-2
Removed Pin From Net: NetName=NetD3_1 Pin=R2-1
Removed Pin From Net: NetName=+15VDC Pin=R3-1
Removed Pin From Net: NetName=+15VDC Pin=R4-2
Removed Pin From Net: NetName=NetD3_1 Pin=R6-1
Removed Pin From Net: NetName=GND Pin=R8-1
Removed Pin From Net: NetName=GND Pin=U1-1
Removed Pin From Net: NetName=+15VDC Pin=U1-13
Removed Pin From Net: NetName=+15VDC Pin=U1-16
Removed Pin From Net: NetName=GND Pin=U2-2
Removed Pin From Net: NetName=GND Pin=VR1-1
Removed Pin From Net: NetName=GND Pin=VR1-2
Removed Member From Class: ClassName=POWER-SUPPLY Member=C4
Removed Member From Class: ClassName=POWER-SUPPLY Member=C5
Removed Member From Class: ClassName=POWER-SUPPLY Member=R8
Change Component Designator: OldDesignator=C4 NewDesignator=C10
Change Component Designator: OldDesignator=C5 NewDesignator=C11
Change Component Designator: OldDesignator=C6 NewDesignator=C4
Change Component Designator: OldDesignator=C7 NewDesignator=C5
Change Component Designator: OldDesignator=C8 NewDesignator=C6
Change Component Designator: OldDesignator=C9 NewDesignator=C7
Change Component Designator: OldDesignator=C10 NewDesignator=C8
Change Component Designator: OldDesignator=C11 NewDesignator=C9
Change Component Designator: OldDesignator=D5 NewDesignator=D13
Change Component Designator: OldDesignator=D6 NewDesignator=D5
Change Component Designator: OldDesignator=D7 NewDesignator=D6
Change Component Designator: OldDesignator=D8 NewDesignator=D7
Change Component Designator: OldDesignator=D9 NewDesignator=D8
Change Component Designator: OldDesignator=D10 NewDesignator=D9
Change Component Designator: OldDesignator=D11 NewDesignator=D10
Change Component Designator: OldDesignator=D12 NewDesignator=D11
Change Component Designator: OldDesignator=D13 NewDesignator=D12
Change Component Designator: OldDesignator=JP4 NewDesignator=JP10
Change Component Designator: OldDesignator=JP5 NewDesignator=JP11
Change Component Designator: OldDesignator=JP6 NewDesignator=JP4
Change Component Designator: OldDesignator=JP7 NewDesignator=JP5
Change Component Designator: OldDesignator=JP8 NewDesignator=JP6
Change Component Designator: OldDesignator=JP9 NewDesignator=JP7
Change Component Designator: OldDesignator=JP10 NewDesignator=JP8
Change Component Designator: OldDesignator=JP11 NewDesignator=JP9
Change Component Designator: OldDesignator=R8 NewDesignator=R22
Change Component Designator: OldDesignator=R9 NewDesignator=R8
Change Component Designator: OldDesignator=R10 NewDesignator=R9
Change Component Designator: OldDesignator=R11 NewDesignator=R10
Change Component Designator: OldDesignator=R12 NewDesignator=R11
Change Component Designator: OldDesignator=R13 NewDesignator=R12
Change Component Designator: OldDesignator=R14 NewDesignator=R13
Change Component Designator: OldDesignator=R15 NewDesignator=R14
Change Component Designator: OldDesignator=R16 NewDesignator=R15
Change Component Designator: OldDesignator=R17 NewDesignator=R16
Change Component Designator: OldDesignator=R18 NewDesignator=R17
Change Component Designator: OldDesignator=R19 NewDesignator=R18
Change Component Designator: OldDesignator=R20 NewDesignator=R19
Change Component Designator: OldDesignator=R21 NewDesignator=R20
Change Component Designator: OldDesignator=R22 NewDesignator=R21
Added Pin To Net: NetName=NetLED1_1 Pin=LED1-1
Added Pin To Net: NetName=NetLED1_1 Pin=R22-1
Change Net Name : Old Net Name=NetC4_1 New Net Name=NetC10_1
Change Net Name : Old Net Name=NetC7_2 New Net Name=NetC5_2
Change Net Name : Old Net Name=NetC8_2 New Net Name=NetC6_2
Change Net Name : Old Net Name=NetC10_2 New Net Name=NetC8_2
Change Net Name : Old Net Name=NetC11_2 New Net Name=NetC9_2
Change Net Name : Old Net Name=NetD6_1 New Net Name=NetD5_1
Change Net Name : Old Net Name=NetD8_1 New Net Name=NetD7_1
Change Net Name : Old Net Name=NetD8_3 New Net Name=NetD7_3
Change Net Name : Old Net Name=NetD9_1 New Net Name=NetD8_1
Change Net Name : Old Net Name=NetD10_1 New Net Name=NetD9_1
Change Net Name : Old Net Name=NetD12_1 New Net Name=NetD11_1
Change Net Name : Old Net Name=NetD12_3 New Net Name=NetD11_3
Change Net Name : Old Net Name=NetD13_1 New Net Name=NetD12_1
Change Net Name : Old Net Name=NetJP5_1 New Net Name=NetJP11_1
Change Net Name : Old Net Name=NetJP6_1 New Net Name=NetJP4_1
Change Net Name : Old Net Name=NetJP6_2 New Net Name=NetJP4_2
Change Net Name : Old Net Name=NetJP7_1 New Net Name=NetJP5_1
Change Net Name : Old Net Name=NetJP8_1 New Net Name=NetJP6_1
Change Net Name : Old Net Name=NetJP8_2 New Net Name=NetJP6_2
Change Net Name : Old Net Name=NetJP8_3 New Net Name=NetJP6_3
Change Net Name : Old Net Name=NetJP9_1 New Net Name=NetJP7_1
Change Net Name : Old Net Name=NetJP9_2 New Net Name=NetJP7_2
Change Net Name : Old Net Name=NetJP10_1 New Net Name=NetJP8_1
Change Net Name : Old Net Name=NetJP11_1 New Net Name=NetJP9_1
Change Net Name : Old Net Name=NetJP11_2 New Net Name=NetJP9_2
Change Net Name : Old Net Name=NetJP11_3 New Net Name=NetJP9_3
Change Net Name : Old Net Name=NetR10_2 New Net Name=NetR9_2
Change Net Name : Old Net Name=NetR12_1 New Net Name=NetR11_1
Change Net Name : Old Net Name=NetR13_2 New Net Name=NetR12_2
Change Net Name : Old Net Name=NetR14_1 New Net Name=NetR13_1
Change Net Name : Old Net Name=NetR14_2 New Net Name=NetR13_2
Change Net Name : Old Net Name=NetR17_2 New Net Name=NetR16_2
Change Net Name : Old Net Name=NetR19_1 New Net Name=NetR18_1
Change Net Name : Old Net Name=NetR20_2 New Net Name=NetR19_2
Change Net Name : Old Net Name=NetR21_1 New Net Name=NetR20_1
Change Net Name : Old Net Name=NetR21_2 New Net Name=NetR20_2
Added Member To Class: ClassName=POWER-SUPPLY Member=Component C10 470uF
Added Member To Class: ClassName=POWER-SUPPLY Member=Component C11 470uF
Added Member To Class: ClassName=POWER-SUPPLY Member=Component R22 4.7K
Added Room: Name=POWER-SUPPLY
Added Room: Name=TCA785-U
Added Room: Name=TCA785-V
Added Room: Name=TCA785-W
