Added Component: Designator=C1(C6mm)
Add component (AddParameter): Name = "LatestRevisionDate"; Value = "17-Jul-2002"; VariantName = "[No Variations]"
Add component (AddParameter): Name = "LatestRevisionNote"; Value = "Re-released for DXP Platform."; VariantName = "[No Variations]"
Add component (AddParameter): Name = "PackageReference"; Value = "POLAR0.8"; VariantName = "[No Variations]"
Add component (AddParameter): Name = "Published"; Value = "8-Jun-2000"; VariantName = "[No Variations]"
Add component (AddParameter): Name = "Publisher"; Value = "Altium Limited"; VariantName = "[No Variations]"
Add component (AddParameter): Name = "value"; Value = "?"; VariantName = "[No Variations]"
Added Component: Designator=C1(CN2-O)
Add component (AddParameter): Name = "Value"; Value = "33pF"; VariantName = "[No Variations]"
Added Component: Designator=C2(C6mm)
Add component (AddParameter): Name = "LatestRevisionDate"; Value = "17-Jul-2002"; VariantName = "[No Variations]"
Add component (AddParameter): Name = "LatestRevisionNote"; Value = "Re-released for DXP Platform."; VariantName = "[No Variations]"
Add component (AddParameter): Name = "PackageReference"; Value = "POLAR0.8"; VariantName = "[No Variations]"
Add component (AddParameter): Name = "Published"; Value = "8-Jun-2000"; VariantName = "[No Variations]"
Add component (AddParameter): Name = "Publisher"; Value = "Altium Limited"; VariantName = "[No Variations]"
Add component (AddParameter): Name = "value"; Value = "?"; VariantName = "[No Variations]"
Added Component: Designator=C2(CN2-O)
Add component (AddParameter): Name = "Value"; Value = "33pF"; VariantName = "[No Variations]"
Added Component: Designator=C3(CN2-O)
Add component (AddParameter): Name = "Value"; Value = "33pF"; VariantName = "[No Variations]"
Added Component: Designator=C3(CN2-O)
Add component (AddParameter): Name = "Value"; Value = "33pF"; VariantName = "[No Variations]"
Added Component: Designator=C4(CN2-O)
Add component (AddParameter): Name = "Value"; Value = "33pF"; VariantName = "[No Variations]"
Added Component: Designator=C4(C6mm)
Add component (AddParameter): Name = "LatestRevisionDate"; Value = "17-Jul-2002"; VariantName = "[No Variations]"
Add component (AddParameter): Name = "LatestRevisionNote"; Value = "Re-released for DXP Platform."; VariantName = "[No Variations]"
Add component (AddParameter): Name = "PackageReference"; Value = "POLAR0.8"; VariantName = "[No Variations]"
Add component (AddParameter): Name = "Published"; Value = "8-Jun-2000"; VariantName = "[No Variations]"
Add component (AddParameter): Name = "Publisher"; Value = "Altium Limited"; VariantName = "[No Variations]"
Add component (AddParameter): Name = "value"; Value = "?"; VariantName = "[No Variations]"
Added Component: Designator=C5(CN2-O)
Add component (AddParameter): Name = "Value"; Value = "33pF"; VariantName = "[No Variations]"
Added Component: Designator=C5(C6mm)
Add component (AddParameter): Name = "LatestRevisionDate"; Value = "17-Jul-2002"; VariantName = "[No Variations]"
Add component (AddParameter): Name = "LatestRevisionNote"; Value = "Re-released for DXP Platform."; VariantName = "[No Variations]"
Add component (AddParameter): Name = "PackageReference"; Value = "POLAR0.8"; VariantName = "[No Variations]"
Add component (AddParameter): Name = "Published"; Value = "8-Jun-2000"; VariantName = "[No Variations]"
Add component (AddParameter): Name = "Publisher"; Value = "Altium Limited"; VariantName = "[No Variations]"
Add component (AddParameter): Name = "value"; Value = "?"; VariantName = "[No Variations]"
Added Component: Designator=C6(CN2-O)
Add component (AddParameter): Name = "Value"; Value = "33pF"; VariantName = "[No Variations]"
Added Component: Designator=C7(CN2-O)
Add component (AddParameter): Name = "Value"; Value = "33pF"; VariantName = "[No Variations]"
Added Component: Designator=C8(CN2-O)
Add component (AddParameter): Name = "Value"; Value = "33pF"; VariantName = "[No Variations]"
Added Component: Designator=C9(CN2-O)
Add component (AddParameter): Name = "Value"; Value = "33pF"; VariantName = "[No Variations]"
Added Component: Designator=C10(CN2-O)
Add component (AddParameter): Name = "Value"; Value = "33pF"; VariantName = "[No Variations]"
Added Component: Designator=C11(CN2-O)
Add component (AddParameter): Name = "Value"; Value = "33pF"; VariantName = "[No Variations]"
Added Component: Designator=D1(DO41-1A)
Add component (AddParameter): Name = "Value"; Value = "1N4007"; VariantName = "[No Variations]"
Added Component: Designator=D1(DO41-1A)
Add component (AddParameter): Name = "Value"; Value = "1N4007"; VariantName = "[No Variations]"
Added Component: Designator=D2(DO41-1A)
Add component (AddParameter): Name = "Value"; Value = "1N4007"; VariantName = "[No Variations]"
Added Component: Designator=D2(DO41-1A)
Add component (AddParameter): Name = "Value"; Value = "1N4007"; VariantName = "[No Variations]"
Added Component: Designator=D3(DO41-1A)
Add component (AddParameter): Name = "Value"; Value = "1N4007"; VariantName = "[No Variations]"
Added Component: Designator=D3(TO-220)
Added Component: Designator=D4(TO-220)
Added Component: Designator=D4(DO41-1A)
Add component (AddParameter): Name = "Value"; Value = "1N4007"; VariantName = "[No Variations]"
Added Component: Designator=D5(DO41-1A)
Add component (AddParameter): Name = "Value"; Value = "1N4007"; VariantName = "[No Variations]"
Added Component: Designator=D5(DO41-1A)
Add component (AddParameter): Name = "Value"; Value = "1N4007"; VariantName = "[No Variations]"
Added Component: Designator=D6(DO41-1A)
Add component (AddParameter): Name = "Value"; Value = "1N4007"; VariantName = "[No Variations]"
Added Component: Designator=D7(DO41-1A)
Add component (AddParameter): Name = "Value"; Value = "1N4007"; VariantName = "[No Variations]"
Added Component: Designator=D8(TO-220)
Added Component: Designator=D9(DO41-1A)
Add component (AddParameter): Name = "Value"; Value = "1N4007"; VariantName = "[No Variations]"
Added Component: Designator=D10(DO41-1A)
Add component (AddParameter): Name = "Value"; Value = "1N4007"; VariantName = "[No Variations]"
Added Component: Designator=D11(DO41-1A)
Add component (AddParameter): Name = "Value"; Value = "1N4007"; VariantName = "[No Variations]"
Added Component: Designator=D12(TO-220)
Added Component: Designator=D13(DO41-1A)
Add component (AddParameter): Name = "Value"; Value = "1N4007"; VariantName = "[No Variations]"
Added Component: Designator=DB1(DB-2W10)
Added Component: Designator=DB1(DB-2W10)
Added Component: Designator=IC1(QTO-220)
Add component (AddParameter): Name = "Value"; Value = "LM7805"; VariantName = "[No Variations]"
Added Component: Designator=IC1(QTO-220)
Add component (AddParameter): Name = "Value"; Value = "LM7805"; VariantName = "[No Variations]"
Added Component: Designator=JP1(CON2)
Add component (AddParameter): Name = "Value"; Value = "Connector 2"; VariantName = "[No Variations]"
Added Component: Designator=JP1(PAD Select)
Added Component: Designator=JP2(PAD Select)
Added Component: Designator=JP2(PAD Select)
Added Component: Designator=JP3(PAD Select)
Added Component: Designator=JP3(CON3)
Add component (AddParameter): Name = "Value"; Value = "Connector 3"; VariantName = "[No Variations]"
Added Component: Designator=JP4(CON3)
Add component (AddParameter): Name = "Value"; Value = "Connector 3"; VariantName = "[No Variations]"
Added Component: Designator=JP4(CON2)
Add component (AddParameter): Name = "Value"; Value = "Connector 2"; VariantName = "[No Variations]"
Added Component: Designator=JP5(CON2)
Add component (AddParameter): Name = "Value"; Value = "Connector 2"; VariantName = "[No Variations]"
Added Component: Designator=JP6(PAD Select)
Added Component: Designator=JP7(PAD Select)
Added Component: Designator=JP8(CON3)
Add component (AddParameter): Name = "Value"; Value = "Connector 3"; VariantName = "[No Variations]"
Added Component: Designator=JP9(PAD Select)
Added Component: Designator=JP10(PAD Select)
Added Component: Designator=JP11(CON3)
Add component (AddParameter): Name = "Value"; Value = "Connector 3"; VariantName = "[No Variations]"
Added Component: Designator=LED1(LED-5-BLUE)
Add component (AddParameter): Name = "Value"; Value = "LED 3 ly Single Colour"; VariantName = "[No Variations]"
Added Component: Designator=LED1(LED-5-BLUE)
Add component (AddParameter): Name = "Value"; Value = "LED 3 ly Single Colour"; VariantName = "[No Variations]"
Added Component: Designator=R1(R1/4W)
Add component (AddParameter): Name = "Value"; Value = "R1/4W - 1K"; VariantName = "[No Variations]"
Added Component: Designator=R1(R1/4W)
Add component (AddParameter): Name = "Value"; Value = "R1/4W - 1K"; VariantName = "[No Variations]"
Added Component: Designator=R2(R1/4W)
Add component (AddParameter): Name = "Value"; Value = "R1/4W - 1K"; VariantName = "[No Variations]"
Added Component: Designator=R2(R1/4W)
Add component (AddParameter): Name = "Value"; Value = "R1/4W - 1K"; VariantName = "[No Variations]"
Added Component: Designator=R3(R1/4W)
Add component (AddParameter): Name = "Value"; Value = "R1/4W - 1K"; VariantName = "[No Variations]"
Added Component: Designator=R3(R1/4W)
Add component (AddParameter): Name = "Value"; Value = "R1/4W - 1K"; VariantName = "[No Variations]"
Added Component: Designator=R4(R1/4W)
Add component (AddParameter): Name = "Value"; Value = "R1/4W - 1K"; VariantName = "[No Variations]"
Added Component: Designator=R4(R1/4W)
Add component (AddParameter): Name = "Value"; Value = "R1/4W - 1K"; VariantName = "[No Variations]"
Added Component: Designator=R5(R1/4W)
Add component (AddParameter): Name = "Value"; Value = "R1/4W - 1K"; VariantName = "[No Variations]"
Added Component: Designator=R5(R1/4W)
Add component (AddParameter): Name = "Value"; Value = "R1/4W - 1K"; VariantName = "[No Variations]"
Added Component: Designator=R6(R1/4W)
Add component (AddParameter): Name = "Value"; Value = "R1/4W - 1K"; VariantName = "[No Variations]"
Added Component: Designator=R6(R1/4W)
Add component (AddParameter): Name = "Value"; Value = "R1/4W - 1K"; VariantName = "[No Variations]"
Added Component: Designator=R7(R1/4W)
Add component (AddParameter): Name = "Value"; Value = "R1/4W - 1K"; VariantName = "[No Variations]"
Added Component: Designator=R7(R1/4W)
Add component (AddParameter): Name = "Value"; Value = "R1/4W - 1K"; VariantName = "[No Variations]"
Added Component: Designator=R8(R1/4W)
Add component (AddParameter): Name = "Value"; Value = "R1/4W - 1K"; VariantName = "[No Variations]"
Added Component: Designator=R8(R1/4W)
Add component (AddParameter): Name = "Value"; Value = "R1/4W - 1K"; VariantName = "[No Variations]"
Added Component: Designator=R9(R1/4W)
Add component (AddParameter): Name = "Value"; Value = "R1/4W - 1K"; VariantName = "[No Variations]"
Added Component: Designator=R10(R1/4W)
Add component (AddParameter): Name = "Value"; Value = "R1/4W - 1K"; VariantName = "[No Variations]"
Added Component: Designator=R11(R1/4W)
Add component (AddParameter): Name = "Value"; Value = "R1/4W - 1K"; VariantName = "[No Variations]"
Added Component: Designator=R12(R1/4W)
Add component (AddParameter): Name = "Value"; Value = "R1/4W - 1K"; VariantName = "[No Variations]"
Added Component: Designator=R13(R1/4W)
Add component (AddParameter): Name = "Value"; Value = "R1/4W - 1K"; VariantName = "[No Variations]"
Added Component: Designator=R14(R1/4W)
Add component (AddParameter): Name = "Value"; Value = "R1/4W - 1K"; VariantName = "[No Variations]"
Added Component: Designator=R15(R1/4W)
Add component (AddParameter): Name = "Value"; Value = "R1/4W - 1K"; VariantName = "[No Variations]"
Added Component: Designator=R16(R1/4W)
Add component (AddParameter): Name = "Value"; Value = "R1/4W - 1K"; VariantName = "[No Variations]"
Added Component: Designator=R17(R1/4W)
Add component (AddParameter): Name = "Value"; Value = "R1/4W - 1K"; VariantName = "[No Variations]"
Added Component: Designator=R18(R1/4W)
Add component (AddParameter): Name = "Value"; Value = "R1/4W - 1K"; VariantName = "[No Variations]"
Added Component: Designator=R19(R1/4W)
Add component (AddParameter): Name = "Value"; Value = "R1/4W - 1K"; VariantName = "[No Variations]"
Added Component: Designator=R20(R1/4W)
Add component (AddParameter): Name = "Value"; Value = "R1/4W - 1K"; VariantName = "[No Variations]"
Added Component: Designator=R21(R1/4W)
Add component (AddParameter): Name = "Value"; Value = "R1/4W - 1K"; VariantName = "[No Variations]"
Added Component: Designator=R22(R1/4W)
Add component (AddParameter): Name = "Value"; Value = "R1/4W - 1K"; VariantName = "[No Variations]"
Added Component: Designator=T1(T-2EDGV-5.08- 2P)
Add component (AddParameter): Name = "Value"; Value = "Header 2"; VariantName = "[No Variations]"
Added Component: Designator=T2(T-2EDGV-5.08- 2P)
Add component (AddParameter): Name = "Value"; Value = "Header 2"; VariantName = "[No Variations]"
Added Component: Designator=T3(T-2EDGV-5.08- 2P)
Add component (AddParameter): Name = "Value"; Value = "Header 2"; VariantName = "[No Variations]"
Added Component: Designator=U1(DIP-16)
Added Component: Designator=U1(DIP-16)
Added Component: Designator=U2(DIP6/W0.3 - MOC3021)
Add component (AddParameter): Name = "Value"; Value = "MOC3021"; VariantName = "[No Variations]"
Added Component: Designator=U2(DIP6/W0.3 - MOC3021)
Add component (AddParameter): Name = "Value"; Value = "MOC3021"; VariantName = "[No Variations]"
Added Component: Designator=U3(DIP-16)
Added Component: Designator=U4(DIP6/W0.3 - MOC3021)
Add component (AddParameter): Name = "Value"; Value = "MOC3021"; VariantName = "[No Variations]"
Added Component: Designator=U5(DIP-16)
Added Component: Designator=U6(DIP6/W0.3 - MOC3021)
Add component (AddParameter): Name = "Value"; Value = "MOC3021"; VariantName = "[No Variations]"
Added Component: Designator=VR1(VR)
Add component (AddParameter): Name = "RM065-103"; Value = "1K"; VariantName = "[No Variations]"
Add component (AddParameter): Name = "RM065-104"; Value = "10K"; VariantName = "[No Variations]"
Add component (AddParameter): Name = "RM065-503"; Value = "5K"; VariantName = "[No Variations]"
Added Component: Designator=VR1(VR)
Add component (AddParameter): Name = "RM065-103"; Value = "1K"; VariantName = "[No Variations]"
Add component (AddParameter): Name = "RM065-104"; Value = "10K"; VariantName = "[No Variations]"
Add component (AddParameter): Name = "RM065-503"; Value = "5K"; VariantName = "[No Variations]"
Added Component: Designator=VR2(VR)
Add component (AddParameter): Name = "RM065-103"; Value = "1K"; VariantName = "[No Variations]"
Add component (AddParameter): Name = "RM065-104"; Value = "10K"; VariantName = "[No Variations]"
Add component (AddParameter): Name = "RM065-503"; Value = "5K"; VariantName = "[No Variations]"
Added Component: Designator=VR3(VR)
Add component (AddParameter): Name = "RM065-103"; Value = "1K"; VariantName = "[No Variations]"
Add component (AddParameter): Name = "RM065-104"; Value = "10K"; VariantName = "[No Variations]"
Add component (AddParameter): Name = "RM065-503"; Value = "5K"; VariantName = "[No Variations]"
Added Pin To Net: NetName=+15VDC Pin=C1-2
Added Pin To Net: NetName=+15VDC Pin=C2-1
Added Pin To Net: NetName=+15VDC Pin=C3-2
Added Pin To Net: NetName=+15VDC Pin=C6-2
Added Pin To Net: NetName=+15VDC Pin=C9-2
Added Pin To Net: NetName=+15VDC Pin=D1-1
Added Pin To Net: NetName=+15VDC Pin=IC1-3
Added Pin To Net: NetName=+15VDC Pin=R1-2
Added Pin To Net: NetName=+15VDC Pin=R2-1
Added Pin To Net: NetName=+15VDC Pin=R3-1
Added Pin To Net: NetName=+15VDC Pin=R3-2
Added Pin To Net: NetName=+15VDC Pin=R4-2
Added Pin To Net: NetName=+15VDC Pin=R10-1
Added Pin To Net: NetName=+15VDC Pin=R11-2
Added Pin To Net: NetName=+15VDC Pin=R17-1
Added Pin To Net: NetName=+15VDC Pin=R18-2
Added Pin To Net: NetName=+15VDC Pin=U1-13
Added Pin To Net: NetName=+15VDC Pin=U1-13
Added Pin To Net: NetName=+15VDC Pin=U1-16
Added Pin To Net: NetName=+15VDC Pin=U1-16
Added Pin To Net: NetName=+15VDC Pin=U3-13
Added Pin To Net: NetName=+15VDC Pin=U3-16
Added Pin To Net: NetName=+15VDC Pin=U5-13
Added Pin To Net: NetName=+15VDC Pin=U5-16
Added Net: Name=+15VDC
Added Pin To Net: NetName=AC1 Pin=DB1-1
Added Pin To Net: NetName=AC1 Pin=JP4-2
Added Net: Name=AC1
Added Pin To Net: NetName=AC2 Pin=DB1-2
Added Pin To Net: NetName=AC2 Pin=JP1-1
Added Net: Name=AC2
Added Pin To Net: NetName=GND Pin=C1-1
Added Pin To Net: NetName=GND Pin=C1-2
Added Pin To Net: NetName=GND Pin=C2-1
Added Pin To Net: NetName=GND Pin=C2-2
Added Pin To Net: NetName=GND Pin=C3-1
Added Pin To Net: NetName=GND Pin=C3-1
Added Pin To Net: NetName=GND Pin=C4-1
Added Pin To Net: NetName=GND Pin=C4-2
Added Pin To Net: NetName=GND Pin=C5-1
Added Pin To Net: NetName=GND Pin=C5-2
Added Pin To Net: NetName=GND Pin=C6-1
Added Pin To Net: NetName=GND Pin=C7-1
Added Pin To Net: NetName=GND Pin=C8-1
Added Pin To Net: NetName=GND Pin=C9-1
Added Pin To Net: NetName=GND Pin=C10-1
Added Pin To Net: NetName=GND Pin=C11-1
Added Pin To Net: NetName=GND Pin=D1-2
Added Pin To Net: NetName=GND Pin=D2-1
Added Pin To Net: NetName=GND Pin=D2-2
Added Pin To Net: NetName=GND Pin=D3-1
Added Pin To Net: NetName=GND Pin=D6-2
Added Pin To Net: NetName=GND Pin=D7-1
Added Pin To Net: NetName=GND Pin=D10-2
Added Pin To Net: NetName=GND Pin=D11-1
Added Pin To Net: NetName=GND Pin=DB1-3
Added Pin To Net: NetName=GND Pin=DB1-3
Added Pin To Net: NetName=GND Pin=IC1-2
Added Pin To Net: NetName=GND Pin=IC1-2
Added Pin To Net: NetName=GND Pin=LED1-2
Added Pin To Net: NetName=GND Pin=LED1-2
Added Pin To Net: NetName=GND Pin=R7-1
Added Pin To Net: NetName=GND Pin=R8-1
Added Pin To Net: NetName=GND Pin=R15-1
Added Pin To Net: NetName=GND Pin=R22-1
Added Pin To Net: NetName=GND Pin=U1-1
Added Pin To Net: NetName=GND Pin=U1-1
Added Pin To Net: NetName=GND Pin=U2-2
Added Pin To Net: NetName=GND Pin=U2-2
Added Pin To Net: NetName=GND Pin=U3-1
Added Pin To Net: NetName=GND Pin=U4-2
Added Pin To Net: NetName=GND Pin=U5-1
Added Pin To Net: NetName=GND Pin=U6-2
Added Pin To Net: NetName=GND Pin=VR1-1
Added Pin To Net: NetName=GND Pin=VR1-1
Added Pin To Net: NetName=GND Pin=VR1-2
Added Pin To Net: NetName=GND Pin=VR1-2
Added Pin To Net: NetName=GND Pin=VR2-1
Added Pin To Net: NetName=GND Pin=VR2-2
Added Pin To Net: NetName=GND Pin=VR3-1
Added Pin To Net: NetName=GND Pin=VR3-2
Added Net: Name=GND
Added Pin To Net: NetName=NetC1_1 Pin=C1-1
Added Pin To Net: NetName=NetC1_1 Pin=D1-2
Added Pin To Net: NetName=NetC1_1 Pin=DB1-4
Added Pin To Net: NetName=NetC1_1 Pin=IC1-1
Added Net: Name=NetC1_1
Added Pin To Net: NetName=NetC2_2 Pin=C2-2
Added Pin To Net: NetName=NetC2_2 Pin=U1-12
Added Net: Name=NetC2_2
Added Pin To Net: NetName=NetC3_2 Pin=C3-2
Added Pin To Net: NetName=NetC3_2 Pin=U1-10
Added Net: Name=NetC3_2
Added Pin To Net: NetName=NetC4_1 Pin=C4-1
Added Pin To Net: NetName=NetC4_1 Pin=D5-2
Added Pin To Net: NetName=NetC4_1 Pin=DB1-4
Added Pin To Net: NetName=NetC4_1 Pin=IC1-1
Added Net: Name=NetC4_1
Added Pin To Net: NetName=NetC4_2 Pin=C4-2
Added Pin To Net: NetName=NetC4_2 Pin=U1-12
Added Net: Name=NetC4_2
Added Pin To Net: NetName=NetC5_2 Pin=C5-2
Added Pin To Net: NetName=NetC5_2 Pin=U1-10
Added Net: Name=NetC5_2
Added Pin To Net: NetName=NetC7_2 Pin=C7-2
Added Pin To Net: NetName=NetC7_2 Pin=U3-12
Added Net: Name=NetC7_2
Added Pin To Net: NetName=NetC8_2 Pin=C8-2
Added Pin To Net: NetName=NetC8_2 Pin=U3-10
Added Net: Name=NetC8_2
Added Pin To Net: NetName=NetC10_2 Pin=C10-2
Added Pin To Net: NetName=NetC10_2 Pin=U5-12
Added Net: Name=NetC10_2
Added Pin To Net: NetName=NetC11_2 Pin=C11-2
Added Pin To Net: NetName=NetC11_2 Pin=U5-10
Added Net: Name=NetC11_2
Added Pin To Net: NetName=NetD1_1 Pin=D1-1
Added Pin To Net: NetName=NetD1_1 Pin=D2-2
Added Pin To Net: NetName=NetD1_1 Pin=R1-2
Added Pin To Net: NetName=NetD1_1 Pin=U1-5
Added Net: Name=NetD1_1
Added Pin To Net: NetName=NetD2_1 Pin=D2-1
Added Pin To Net: NetName=NetD2_1 Pin=D3-2
Added Pin To Net: NetName=NetD2_1 Pin=R2-2
Added Pin To Net: NetName=NetD2_1 Pin=U1-5
Added Net: Name=NetD2_1
Added Pin To Net: NetName=NetD3_1 Pin=D3-1
Added Pin To Net: NetName=NetD3_1 Pin=D4-1
Added Pin To Net: NetName=NetD3_1 Pin=JP5-2
Added Pin To Net: NetName=NetD3_1 Pin=R1-1
Added Pin To Net: NetName=NetD3_1 Pin=R2-1
Added Pin To Net: NetName=NetD3_1 Pin=R5-1
Added Pin To Net: NetName=NetD3_1 Pin=R6-1
Added Pin To Net: NetName=NetD3_1 Pin=R9-1
Added Pin To Net: NetName=NetD3_1 Pin=R16-1
Added Pin To Net: NetName=NetD3_1 Pin=T2-2
Added Net: Name=NetD3_1
Added Pin To Net: NetName=NetD3_2 Pin=D3-2
Added Pin To Net: NetName=NetD3_2 Pin=D8-2
Added Pin To Net: NetName=NetD3_2 Pin=D12-2
Added Pin To Net: NetName=NetD3_2 Pin=T1-1
Added Net: Name=NetD3_2
Added Pin To Net: NetName=NetD3_3 Pin=D3-3
Added Pin To Net: NetName=NetD3_3 Pin=D4-2
Added Net: Name=NetD3_3
Added Pin To Net: NetName=NetD4_1 Pin=D4-1
Added Pin To Net: NetName=NetD4_1 Pin=U2-4
Added Net: Name=NetD4_1
Added Pin To Net: NetName=NetD4_2 Pin=D4-2
Added Net: Name=NetD4_2
Added Pin To Net: NetName=NetD4_3 Pin=D4-3
Added Pin To Net: NetName=NetD4_3 Pin=D5-2
Added Net: Name=NetD4_3
Added Pin To Net: NetName=NetD5_1 Pin=D5-1
Added Pin To Net: NetName=NetD5_1 Pin=U2-4
Added Net: Name=NetD5_1
Added Pin To Net: NetName=NetD6_1 Pin=D6-1
Added Pin To Net: NetName=NetD6_1 Pin=D7-2
Added Pin To Net: NetName=NetD6_1 Pin=R9-2
Added Pin To Net: NetName=NetD6_1 Pin=U3-5
Added Net: Name=NetD6_1
Added Pin To Net: NetName=NetD8_1 Pin=D8-1
Added Pin To Net: NetName=NetD8_1 Pin=R13-1
Added Pin To Net: NetName=NetD8_1 Pin=T2-1
Added Net: Name=NetD8_1
Added Pin To Net: NetName=NetD8_3 Pin=D8-3
Added Pin To Net: NetName=NetD8_3 Pin=D9-2
Added Net: Name=NetD8_3
Added Pin To Net: NetName=NetD9_1 Pin=D9-1
Added Pin To Net: NetName=NetD9_1 Pin=U4-4
Added Net: Name=NetD9_1
Added Pin To Net: NetName=NetD10_1 Pin=D10-1
Added Pin To Net: NetName=NetD10_1 Pin=D11-2
Added Pin To Net: NetName=NetD10_1 Pin=R16-2
Added Pin To Net: NetName=NetD10_1 Pin=U5-5
Added Net: Name=NetD10_1
Added Pin To Net: NetName=NetD12_1 Pin=D12-1
Added Pin To Net: NetName=NetD12_1 Pin=R20-1
Added Pin To Net: NetName=NetD12_1 Pin=T3-2
Added Net: Name=NetD12_1
Added Pin To Net: NetName=NetD12_3 Pin=D12-3
Added Pin To Net: NetName=NetD12_3 Pin=D13-2
Added Net: Name=NetD12_3
Added Pin To Net: NetName=NetD13_1 Pin=D13-1
Added Pin To Net: NetName=NetD13_1 Pin=U6-4
Added Net: Name=NetD13_1
Added Pin To Net: NetName=NetJP1_1 Pin=JP1-1
Added Pin To Net: NetName=NetJP1_1 Pin=U1-14
Added Net: Name=NetJP1_1
Added Pin To Net: NetName=NetJP1_2 Pin=JP1-2
Added Pin To Net: NetName=NetJP1_2 Pin=JP2-2
Added Pin To Net: NetName=NetJP1_2 Pin=R4-2
Added Net: Name=NetJP1_2
Added Pin To Net: NetName=NetJP2_1 Pin=JP2-1
Added Pin To Net: NetName=NetJP2_1 Pin=U1-15
Added Net: Name=NetJP2_1
Added Pin To Net: NetName=NetJP2_2 Pin=JP2-2
Added Pin To Net: NetName=NetJP2_2 Pin=JP3-2
Added Pin To Net: NetName=NetJP2_2 Pin=R5-2
Added Net: Name=NetJP2_2
Added Pin To Net: NetName=NetJP3_1 Pin=JP3-1
Added Pin To Net: NetName=NetJP3_1 Pin=R7-2
Added Net: Name=NetJP3_1
Added Pin To Net: NetName=NetJP3_2 Pin=JP3-2
Added Pin To Net: NetName=NetJP3_2 Pin=U1-11
Added Net: Name=NetJP3_2
Added Pin To Net: NetName=NetJP3_3 Pin=JP3-3
Added Pin To Net: NetName=NetJP3_3 Pin=R3-1
Added Net: Name=NetJP3_3
Added Pin To Net: NetName=NetJP4_1 Pin=JP4-1
Added Pin To Net: NetName=NetJP4_1 Pin=R8-2
Added Net: Name=NetJP4_1
Added Pin To Net: NetName=NetJP4_2 Pin=JP4-2
Added Pin To Net: NetName=NetJP4_2 Pin=U1-11
Added Net: Name=NetJP4_2
Added Pin To Net: NetName=NetJP4_3 Pin=JP4-3
Added Pin To Net: NetName=NetJP4_3 Pin=R4-1
Added Net: Name=NetJP4_3
Added Pin To Net: NetName=NetJP5_1 Pin=JP5-1
Added Pin To Net: NetName=NetJP5_1 Pin=T3-1
Added Net: Name=NetJP5_1
Added Pin To Net: NetName=NetJP6_1 Pin=JP6-1
Added Pin To Net: NetName=NetJP6_1 Pin=U3-14
Added Net: Name=NetJP6_1
Added Pin To Net: NetName=NetJP6_2 Pin=JP6-2
Added Pin To Net: NetName=NetJP6_2 Pin=JP7-2
Added Pin To Net: NetName=NetJP6_2 Pin=R12-2
Added Net: Name=NetJP6_2
Added Pin To Net: NetName=NetJP7_1 Pin=JP7-1
Added Pin To Net: NetName=NetJP7_1 Pin=U3-15
Added Net: Name=NetJP7_1
Added Pin To Net: NetName=NetJP8_1 Pin=JP8-1
Added Pin To Net: NetName=NetJP8_1 Pin=R15-2
Added Net: Name=NetJP8_1
Added Pin To Net: NetName=NetJP8_2 Pin=JP8-2
Added Pin To Net: NetName=NetJP8_2 Pin=U3-11
Added Net: Name=NetJP8_2
Added Pin To Net: NetName=NetJP8_3 Pin=JP8-3
Added Pin To Net: NetName=NetJP8_3 Pin=R11-1
Added Net: Name=NetJP8_3
Added Pin To Net: NetName=NetJP9_1 Pin=JP9-1
Added Pin To Net: NetName=NetJP9_1 Pin=U5-14
Added Net: Name=NetJP9_1
Added Pin To Net: NetName=NetJP9_2 Pin=JP9-2
Added Pin To Net: NetName=NetJP9_2 Pin=JP10-2
Added Pin To Net: NetName=NetJP9_2 Pin=R19-2
Added Net: Name=NetJP9_2
Added Pin To Net: NetName=NetJP10_1 Pin=JP10-1
Added Pin To Net: NetName=NetJP10_1 Pin=U5-15
Added Net: Name=NetJP10_1
Added Pin To Net: NetName=NetJP11_1 Pin=JP11-1
Added Pin To Net: NetName=NetJP11_1 Pin=R22-2
Added Net: Name=NetJP11_1
Added Pin To Net: NetName=NetJP11_2 Pin=JP11-2
Added Pin To Net: NetName=NetJP11_2 Pin=U5-11
Added Net: Name=NetJP11_2
Added Pin To Net: NetName=NetJP11_3 Pin=JP11-3
Added Pin To Net: NetName=NetJP11_3 Pin=R18-1
Added Net: Name=NetJP11_3
Added Pin To Net: NetName=NetLED1_1 Pin=LED1-1
Added Pin To Net: NetName=NetLED1_1 Pin=R1-1
Added Net: Name=NetLED1_1
Added Pin To Net: NetName=NetR2_2 Pin=R2-2
Added Pin To Net: NetName=NetR2_2 Pin=U1-6
Added Net: Name=NetR2_2
Added Pin To Net: NetName=NetR3_2 Pin=R3-2
Added Pin To Net: NetName=NetR3_2 Pin=U1-6
Added Net: Name=NetR3_2
Added Pin To Net: NetName=NetR4_1 Pin=R4-1
Added Pin To Net: NetName=NetR4_1 Pin=U2-1
Added Net: Name=NetR4_1
Added Pin To Net: NetName=NetR5_1 Pin=R5-1
Added Pin To Net: NetName=NetR5_1 Pin=U2-1
Added Net: Name=NetR5_1
Added Pin To Net: NetName=NetR5_2 Pin=R5-2
Added Pin To Net: NetName=NetR5_2 Pin=U2-6
Added Net: Name=NetR5_2
Added Pin To Net: NetName=NetR6_1 Pin=R6-1
Added Pin To Net: NetName=NetR6_1 Pin=VR1-3
Added Net: Name=NetR6_1
Added Pin To Net: NetName=NetR6_2 Pin=R6-2
Added Pin To Net: NetName=NetR6_2 Pin=U1-9
Added Net: Name=NetR6_2
Added Pin To Net: NetName=NetR7_1 Pin=R7-1
Added Pin To Net: NetName=NetR7_1 Pin=VR1-3
Added Net: Name=NetR7_1
Added Pin To Net: NetName=NetR7_2 Pin=R7-2
Added Pin To Net: NetName=NetR7_2 Pin=U1-9
Added Net: Name=NetR7_2
Added Pin To Net: NetName=NetR10_2 Pin=R10-2
Added Pin To Net: NetName=NetR10_2 Pin=U3-6
Added Net: Name=NetR10_2
Added Pin To Net: NetName=NetR12_1 Pin=R12-1
Added Pin To Net: NetName=NetR12_1 Pin=U4-1
Added Net: Name=NetR12_1
Added Pin To Net: NetName=NetR13_2 Pin=R13-2
Added Pin To Net: NetName=NetR13_2 Pin=U4-6
Added Net: Name=NetR13_2
Added Pin To Net: NetName=NetR14_1 Pin=R14-1
Added Pin To Net: NetName=NetR14_1 Pin=VR2-3
Added Net: Name=NetR14_1
Added Pin To Net: NetName=NetR14_2 Pin=R14-2
Added Pin To Net: NetName=NetR14_2 Pin=U3-9
Added Net: Name=NetR14_2
Added Pin To Net: NetName=NetR17_2 Pin=R17-2
Added Pin To Net: NetName=NetR17_2 Pin=U5-6
Added Net: Name=NetR17_2
Added Pin To Net: NetName=NetR19_1 Pin=R19-1
Added Pin To Net: NetName=NetR19_1 Pin=U6-1
Added Net: Name=NetR19_1
Added Pin To Net: NetName=NetR20_2 Pin=R20-2
Added Pin To Net: NetName=NetR20_2 Pin=U6-6
Added Net: Name=NetR20_2
Added Pin To Net: NetName=NetR21_1 Pin=R21-1
Added Pin To Net: NetName=NetR21_1 Pin=VR3-3
Added Net: Name=NetR21_1
Added Pin To Net: NetName=NetR21_2 Pin=R21-2
Added Pin To Net: NetName=NetR21_2 Pin=U5-9
Added Net: Name=NetR21_2
Added Pin To Net: NetName=NetT1_2 Pin=T1-2
Added Net: Name=NetT1_2
Added Pin To Net: NetName=N Pin=DB1-2
Added Pin To Net: NetName=N Pin=JP4-1
Added Net: Name=N
Added Class: Name=POWER-SUPPLY
Added Class: Name=TCA785-U
Added Class: Name=TCA785-V
Added Class: Name=TCA785-W
Added Class: Name=TCA785
Added Room: Name=POWER-SUPPLY
Added Room: Name=TCA785
Added Room: Name=TCA785-U
Added Room: Name=TCA785-V
Added Room: Name=TCA785-W
